<?xml version="1.0" encoding="UTF-8"?>
<TestRun id="29592a68-de2c-4445-a2ec-02f5604cde68" name="ASUS@DESKTOP-9ISVTNF 2018-03-16 10:05:54" runUser="DESKTOP-9ISVTNF\ASUS" xmlns="http://microsoft.com/schemas/VisualStudio/TeamTest/2010">
  <TestSettings name="Local" id="6d5f473a-d7e0-4660-9ed0-91dafc41f8fe">
    <Description>These are default test settings for a local test run.</Description>
    <Deployment enabled="false" runDeploymentRoot="ASUS_DESKTOP-9ISVTNF 2018-03-16 10_05_54">
      <DeploymentItem filename="D:\project\QuanLyTrangTrai\QuanLyTrangTrai\bin\Debug\QuanLyTrangTrai.exe" />
    </Deployment>
    <Execution>
      <TestTypeSpecific />
      <AgentRule name="Execution Agents">
      </AgentRule>
    </Execution>
  </TestSettings>
  <Times creation="2018-03-16T10:05:54.6841464+07:00" queuing="2018-03-16T10:05:54.8247848+07:00" start="2018-03-16T10:05:54.8404145+07:00" finish="2018-03-16T10:05:55.4171913+07:00" />
  <ResultSummary outcome="Warning">
    <Counters total="4" executed="4" passed="4" error="0" failed="0" timeout="0" aborted="0" inconclusive="0" passedButRunAborted="0" notRunnable="0" notExecuted="0" disconnected="0" warning="0" completed="0" inProgress="0" pending="0" />
    <RunInfos>
      <RunInfo computerName="DESKTOP-9ISVTNF" outcome="Warning" timestamp="2018-03-16T10:05:54.8247848+07:00">
        <Text>Deployment is currently disabled. The deployment item 'UnitTestT4rangTrtai\TestData.csv' on test 'UnitTestTrangTrai.UnitTestTrangTrai.TestMethodSuaVatNuoi' was not deployed.</Text>
      </RunInfo>
    </RunInfos>
  </ResultSummary>
  <TestDefinitions>
    <UnitTest name="TestMethodSuaVatNuoi" storage="d:\project\quanlytrangtrai\unittestt4rangtrtai\bin\debug\unittestt4rangtrtai.dll" id="2e74e2aa-8919-1b2e-0109-4c279e7ba774">
      <DeploymentItems>
        <DeploymentItem filename="UnitTestT4rangTrtai\TestData.csv" />
      </DeploymentItems>
      <Execution id="c3a14fe2-383b-4bf2-abc2-152f8a82af66" />
      <TestMethod codeBase="D:/project/QuanLyTrangTrai/UnitTestT4rangTrtai/bin/Debug/UnitTestT4rangTrtai.DLL" adapterTypeName="Microsoft.VisualStudio.TestTools.TestTypes.Unit.UnitTestAdapter, Microsoft.VisualStudio.QualityTools.Tips.UnitTest.Adapter, Version=10.0.0.0, Culture=neutral, PublicKeyToken=b03f5f7f11d50a3a" className="UnitTestTrangTrai.UnitTestTrangTrai, UnitTestT4rangTrtai, Version=1.0.0.0, Culture=neutral, PublicKeyToken=null" name="TestMethodSuaVatNuoi" />
      <DataSource connectionString="|DataDirectory|\TestData.csv" providerInvariantName="Microsoft.VisualStudio.TestTools.DataSource.CSV" tableName="TestData#csv" />
    </UnitTest>
  </TestDefinitions>
  <TestLists>
    <TestList name="Results Not in a List" id="8c84fa94-04c1-424b-9868-57a2d4851a1d" />
    <TestList name="All Loaded Results" id="19431567-8539-422a-85d7-44ee4e166bda" />
  </TestLists>
  <TestEntries>
    <TestEntry testId="2e74e2aa-8919-1b2e-0109-4c279e7ba774" executionId="c3a14fe2-383b-4bf2-abc2-152f8a82af66" testListId="8c84fa94-04c1-424b-9868-57a2d4851a1d" />
  </TestEntries>
  <Results>
    <UnitTestResult executionId="c3a14fe2-383b-4bf2-abc2-152f8a82af66" testId="2e74e2aa-8919-1b2e-0109-4c279e7ba774" testName="TestMethodSuaVatNuoi" computerName="DESKTOP-9ISVTNF" duration="00:00:00.2760941" startTime="2018-03-16T10:05:54.8716651+07:00" endTime="2018-03-16T10:05:55.3702958+07:00" testType="13cdc9d9-ddb5-4fa4-a97d-d965ccfc6d4b" outcome="Passed" testListId="8c84fa94-04c1-424b-9868-57a2d4851a1d" relativeResultsDirectory="c3a14fe2-383b-4bf2-abc2-152f8a82af66" resultType="DataDrivenTest">
      <Counters error="0" failed="0" timeout="0" aborted="0" inconclusive="0" passedButRunAborted="0" notRunnable="0" notExecuted="0" disconnected="0" warning="0" passed="3" completed="0" inProgress="0" pending="0" />
      <InnerResults>
        <UnitTestResult executionId="3def7043-920e-4fa8-9704-7504e9ee4e11" parentExecutionId="c3a14fe2-383b-4bf2-abc2-152f8a82af66" testId="2e74e2aa-8919-1b2e-0109-4c279e7ba774" testName="TestMethodSuaVatNuoi" computerName="DESKTOP-9ISVTNF" duration="00:00:00.1137597" startTime="2018-03-16T10:05:55.2488396+07:00" endTime="2018-03-16T10:05:55.3547532+07:00" testType="13cdc9d9-ddb5-4fa4-a97d-d965ccfc6d4b" outcome="Passed" testListId="8c84fa94-04c1-424b-9868-57a2d4851a1d" relativeResultsDirectory="c3a14fe2-383b-4bf2-abc2-152f8a82af66" dataRowInfo="0" resultType="DataDrivenDataRow" />
        <UnitTestResult executionId="a1f0ff2f-1e08-4a4d-b702-8ab05d4f106a" parentExecutionId="c3a14fe2-383b-4bf2-abc2-152f8a82af66" testId="2e74e2aa-8919-1b2e-0109-4c279e7ba774" testName="TestMethodSuaVatNuoi" computerName="DESKTOP-9ISVTNF" duration="00:00:00.0023248" startTime="2018-03-16T10:05:55.3547532+07:00" endTime="2018-03-16T10:05:55.3547532+07:00" testType="13cdc9d9-ddb5-4fa4-a97d-d965ccfc6d4b" outcome="Passed" testListId="8c84fa94-04c1-424b-9868-57a2d4851a1d" relativeResultsDirectory="c3a14fe2-383b-4bf2-abc2-152f8a82af66" dataRowInfo="1" resultType="DataDrivenDataRow" />
        <UnitTestResult executionId="6cbe6a5f-9473-4f82-b7ad-4013c5677d89" parentExecutionId="c3a14fe2-383b-4bf2-abc2-152f8a82af66" testId="2e74e2aa-8919-1b2e-0109-4c279e7ba774" testName="TestMethodSuaVatNuoi" computerName="DESKTOP-9ISVTNF" duration="00:00:00.0023759" startTime="2018-03-16T10:05:55.3547532+07:00" endTime="2018-03-16T10:05:55.3702958+07:00" testType="13cdc9d9-ddb5-4fa4-a97d-d965ccfc6d4b" outcome="Passed" testListId="8c84fa94-04c1-424b-9868-57a2d4851a1d" relativeResultsDirectory="c3a14fe2-383b-4bf2-abc2-152f8a82af66" dataRowInfo="2" resultType="DataDrivenDataRow" />
      </InnerResults>
    </UnitTestResult>
  </Results>
</TestRun>