<?xml version="1.0" encoding="UTF-8"?>
<TestRun id="1576f44f-d169-4875-8987-e8b18a6c5533" name="ASUS@DESKTOP-9ISVTNF 2018-03-16 09:30:14" runUser="DESKTOP-9ISVTNF\ASUS" xmlns="http://microsoft.com/schemas/VisualStudio/TeamTest/2010">
  <TestSettings name="Local" id="6d5f473a-d7e0-4660-9ed0-91dafc41f8fe">
    <Description>These are default test settings for a local test run.</Description>
    <Deployment enabled="false" runDeploymentRoot="ASUS_DESKTOP-9ISVTNF 2018-03-16 09_30_14">
      <DeploymentItem filename="D:\project\QuanLyTrangTrai\QuanLyTrangTrai\bin\Debug\QuanLyTrangTrai.exe" />
    </Deployment>
    <Execution>
      <TestTypeSpecific />
      <AgentRule name="Execution Agents">
      </AgentRule>
    </Execution>
  </TestSettings>
  <Times creation="2018-03-16T09:30:14.7172845+07:00" queuing="2018-03-16T09:30:14.7797795+07:00" start="2018-03-16T09:30:14.7797795+07:00" finish="2018-03-16T09:30:14.9831841+07:00" />
  <ResultSummary outcome="Completed">
    <Counters total="1" executed="1" passed="1" error="0" failed="0" timeout="0" aborted="0" inconclusive="0" passedButRunAborted="0" notRunnable="0" notExecuted="0" disconnected="0" warning="0" completed="0" inProgress="0" pending="0" />
  </ResultSummary>
  <TestDefinitions>
    <UnitTest name="TestMethodThemVatNuoi" storage="d:\project\quanlytrangtrai\unittestt4rangtrtai\bin\debug\unittestt4rangtrtai.dll" id="7b89fb48-6c2d-020a-3d1a-ca4da168a9ec">
      <Execution id="a994f39d-da5e-465b-bb40-45a74a4d0e2e" />
      <TestMethod codeBase="D:/project/QuanLyTrangTrai/UnitTestT4rangTrtai/bin/Debug/UnitTestT4rangTrtai.DLL" adapterTypeName="Microsoft.VisualStudio.TestTools.TestTypes.Unit.UnitTestAdapter, Microsoft.VisualStudio.QualityTools.Tips.UnitTest.Adapter, Version=10.0.0.0, Culture=neutral, PublicKeyToken=b03f5f7f11d50a3a" className="UnitTestTrangTrai.UnitTestTrangTrai, UnitTestT4rangTrtai, Version=1.0.0.0, Culture=neutral, PublicKeyToken=null" name="TestMethodThemVatNuoi" />
    </UnitTest>
  </TestDefinitions>
  <TestLists>
    <TestList name="Results Not in a List" id="8c84fa94-04c1-424b-9868-57a2d4851a1d" />
    <TestList name="All Loaded Results" id="19431567-8539-422a-85d7-44ee4e166bda" />
  </TestLists>
  <TestEntries>
    <TestEntry testId="7b89fb48-6c2d-020a-3d1a-ca4da168a9ec" executionId="a994f39d-da5e-465b-bb40-45a74a4d0e2e" testListId="8c84fa94-04c1-424b-9868-57a2d4851a1d" />
  </TestEntries>
  <Results>
    <UnitTestResult executionId="a994f39d-da5e-465b-bb40-45a74a4d0e2e" testId="7b89fb48-6c2d-020a-3d1a-ca4da168a9ec" testName="TestMethodThemVatNuoi" computerName="DESKTOP-9ISVTNF" duration="00:00:00.0105510" startTime="2018-03-16T09:30:14.8110137+07:00" endTime="2018-03-16T09:30:14.9675681+07:00" testType="13cdc9d9-ddb5-4fa4-a97d-d965ccfc6d4b" outcome="Passed" testListId="8c84fa94-04c1-424b-9868-57a2d4851a1d" relativeResultsDirectory="a994f39d-da5e-465b-bb40-45a74a4d0e2e">
    </UnitTestResult>
  </Results>
</TestRun>