<?xml version="1.0" encoding="UTF-8"?>
<TestRun id="b7d5f5c7-cd6a-4fd4-8299-fa7566c237c4" name="ASUS@DESKTOP-9ISVTNF 2018-03-16 09:33:18" runUser="DESKTOP-9ISVTNF\ASUS" xmlns="http://microsoft.com/schemas/VisualStudio/TeamTest/2010">
  <TestSettings name="Local" id="6d5f473a-d7e0-4660-9ed0-91dafc41f8fe">
    <Description>These are default test settings for a local test run.</Description>
    <Deployment enabled="false" runDeploymentRoot="ASUS_DESKTOP-9ISVTNF 2018-03-16 09_33_18">
      <DeploymentItem filename="D:\project\QuanLyTrangTrai\QuanLyTrangTrai\bin\Debug\QuanLyTrangTrai.exe" />
    </Deployment>
    <Execution>
      <TestTypeSpecific />
      <AgentRule name="Execution Agents">
      </AgentRule>
    </Execution>
  </TestSettings>
  <Times creation="2018-03-16T09:33:18.0383711+07:00" queuing="2018-03-16T09:33:18.0913248+07:00" start="2018-03-16T09:33:18.0925470+07:00" finish="2018-03-16T09:33:20.0176227+07:00" />
  <ResultSummary outcome="Failed">
    <Counters total="1" executed="1" error="0" failed="1" timeout="0" aborted="0" inconclusive="0" passedButRunAborted="0" notRunnable="0" notExecuted="0" disconnected="0" warning="0" passed="0" completed="0" inProgress="0" pending="0" />
  </ResultSummary>
  <TestDefinitions>
    <UnitTest name="TestMethodThemVatNuoi" storage="d:\project\quanlytrangtrai\unittestt4rangtrtai\bin\debug\unittestt4rangtrtai.dll" id="7b89fb48-6c2d-020a-3d1a-ca4da168a9ec">
      <Execution id="facb908a-1d7a-491a-a926-ed900beb2986" />
      <TestMethod codeBase="D:/project/QuanLyTrangTrai/UnitTestT4rangTrtai/bin/Debug/UnitTestT4rangTrtai.DLL" adapterTypeName="Microsoft.VisualStudio.TestTools.TestTypes.Unit.UnitTestAdapter, Microsoft.VisualStudio.QualityTools.Tips.UnitTest.Adapter, Version=10.0.0.0, Culture=neutral, PublicKeyToken=b03f5f7f11d50a3a" className="UnitTestTrangTrai.UnitTestTrangTrai, UnitTestT4rangTrtai, Version=1.0.0.0, Culture=neutral, PublicKeyToken=null" name="TestMethodThemVatNuoi" />
    </UnitTest>
  </TestDefinitions>
  <TestLists>
    <TestList name="Results Not in a List" id="8c84fa94-04c1-424b-9868-57a2d4851a1d" />
    <TestList name="All Loaded Results" id="19431567-8539-422a-85d7-44ee4e166bda" />
  </TestLists>
  <TestEntries>
    <TestEntry testId="7b89fb48-6c2d-020a-3d1a-ca4da168a9ec" executionId="facb908a-1d7a-491a-a926-ed900beb2986" testListId="8c84fa94-04c1-424b-9868-57a2d4851a1d" />
  </TestEntries>
  <Results>
    <UnitTestResult executionId="facb908a-1d7a-491a-a926-ed900beb2986" testId="7b89fb48-6c2d-020a-3d1a-ca4da168a9ec" testName="TestMethodThemVatNuoi" computerName="DESKTOP-9ISVTNF" duration="00:00:00.1146104" startTime="2018-03-16T09:33:18.0925470+07:00" endTime="2018-03-16T09:33:18.3690758+07:00" testType="13cdc9d9-ddb5-4fa4-a97d-d965ccfc6d4b" outcome="Failed" testListId="8c84fa94-04c1-424b-9868-57a2d4851a1d" relativeResultsDirectory="facb908a-1d7a-491a-a926-ed900beb2986">
      <Output>
        <ErrorInfo>
          <Message>Assert.IsTrue failed. </Message>
          <StackTrace>   at UnitTestTrangTrai.UnitTestTrangTrai.TestMethodThemVatNuoi() in D:\project\QuanLyTrangTrai\UnitTestT4rangTrtai\UnitTestTrangTrai.cs:line 29
</StackTrace>
        </ErrorInfo>
      </Output>
    </UnitTestResult>
  </Results>
</TestRun>